<?xml version="1.0" encoding="UTF-8" ?>
<testsuite tests="1" failures="0" name="runners.TestRunner" time="1.917" errors="1" skipped="0">
  <properties>
[...]
</properties>
  <testcase classname="Test Sample App" name="Preencher formulários e verificar envio com sucesso" time="1.917">
    <error message="Unable to establish websocket connection to http://localhost:51670/devtools/browser/f955b8ae-e9f7-4974-953d-a1db14ca9aed
Build info: version: &apos;4.5.0&apos;, revision: &apos;fe167b119a&apos;
System info: os.name: &apos;Windows 10&apos;, os.arch: &apos;amd64&apos;, os.version: &apos;10.0&apos;, java.version: &apos;17.0.2&apos;
Driver info: driver.version: ChromeDriver" type="org.openqa.selenium.remote.http.ConnectionFailedException">org.openqa.selenium.remote.http.ConnectionFailedException: Unable to establish websocket connection to http://localhost:51670/devtools/browser/f955b8ae-e9f7-4974-953d-a1db14ca9aed
Build info: version: &apos;4.5.0&apos;, revision: &apos;fe167b119a&apos;
System info: os.name: &apos;Windows 10&apos;, os.arch: &apos;amd64&apos;, os.version: &apos;10.0&apos;, java.version: &apos;17.0.2&apos;
Driver info: driver.version: ChromeDriver
	at org.openqa.selenium.remote.http.netty.NettyWebSocket.&lt;init&gt;(NettyWebSocket.java:102)
	at org.openqa.selenium.remote.http.netty.NettyWebSocket.lambda$create$3(NettyWebSocket.java:128)
	at org.openqa.selenium.remote.http.netty.NettyClient.openSocket(NettyClient.java:107)
	at org.openqa.selenium.devtools.Connection.&lt;init&gt;(Connection.java:77)
	at org.openqa.selenium.chromium.ChromiumDriver.lambda$new$2(ChromiumDriver.java:116)
	at java.base/java.util.Optional.map(Optional.java:260)
	at org.openqa.selenium.chromium.ChromiumDriver.&lt;init&gt;(ChromiumDriver.java:114)
	at org.openqa.selenium.chrome.ChromeDriver.&lt;init&gt;(ChromeDriver.java:81)
	at org.openqa.selenium.chrome.ChromeDriver.&lt;init&gt;(ChromeDriver.java:49)
	at stepdefinitions.SampleAppSteps.i_am_on_the_vehicle_data_form_page(SampleAppSteps.java:32)
	at ✽.I am on the vehicle data form page(file:///C:/dev/workspace/estudos/teste_qa/src/test/resources/features/sampleapp.feature:4)
</error>
    <system-out>
Scenario: Preencher formulÃ¡rios e verificar envio com sucesso # src/test/resources/features/sampleapp.feature:3
  Given I am on the vehicle data form page                    # stepdefinitions.SampleAppSteps.i_am_on_the_vehicle_data_form_page()
      org.openqa.selenium.remote.http.ConnectionFailedException: Unable to establish websocket connection to http://localhost:51670/devtools/browser/f955b8ae-e9f7-4974-953d-a1db14ca9aed
Build info: version: &apos;4.5.0&apos;, revision: &apos;fe167b119a&apos;
System info: os.name: &apos;Windows 10&apos;, os.arch: &apos;amd64&apos;, os.version: &apos;10.0&apos;, java.version: &apos;17.0.2&apos;
Driver info: driver.version: ChromeDriver
	at org.openqa.selenium.remote.http.netty.NettyWebSocket.&lt;init&gt;(NettyWebSocket.java:102)
	at org.openqa.selenium.remote.http.netty.NettyWebSocket.lambda$create$3(NettyWebSocket.java:128)
	at org.openqa.selenium.remote.http.netty.NettyClient.openSocket(NettyClient.java:107)
	at org.openqa.selenium.devtools.Connection.&lt;init&gt;(Connection.java:77)
	at org.openqa.selenium.chromium.ChromiumDriver.lambda$new$2(ChromiumDriver.java:116)
	at java.base/java.util.Optional.map(Optional.java:260)
	at org.openqa.selenium.chromium.ChromiumDriver.&lt;init&gt;(ChromiumDriver.java:114)
	at org.openqa.selenium.chrome.ChromeDriver.&lt;init&gt;(ChromeDriver.java:81)
	at org.openqa.selenium.chrome.ChromeDriver.&lt;init&gt;(ChromeDriver.java:49)
	at stepdefinitions.SampleAppSteps.i_am_on_the_vehicle_data_form_page(SampleAppSteps.java:32)
	at âœ½.I am on the vehicle data form page(file:///C:/dev/workspace/estudos/teste_qa/src/test/resources/features/sampleapp.feature:4)

  When I fill the vehicle data form                           # stepdefinitions.SampleAppSteps.i_fill_the_vehicle_data_form()
  And I press next                                            # stepdefinitions.SampleAppSteps.i_press_next()
  When I fill the insurant data form
  And I press next                                            # stepdefinitions.SampleAppSteps.i_press_next()
  When I fill the product data form
  And I press next                                            # stepdefinitions.SampleAppSteps.i_press_next()
  When I select a price option
  And I press next                                            # stepdefinitions.SampleAppSteps.i_press_next()
  When I fill the send quote form
  And I press send
  Then I should see &quot;Sending e-mail success!&quot;                 # stepdefinitions.SampleAppSteps.i_should_see(java.lang.String)
</system-out>
    <system-err>Starting ChromeDriver 130.0.6723.58 (3a50e012e4c9b8a410a4e2b12bf577e69ee8f755-refs/branch-heads/6723@{#1353}) on port 61831
Only local connections are allowed.
Please see https://chromedriver.chromium.org/security-considerations for suggestions on keeping ChromeDriver safe.
ChromeDriver was started successfully on port 61831.
out. 17, 2024 1:53:50 PM org.openqa.selenium.remote.ProtocolHandshake createSession
INFO: Detected upstream dialect: W3C
out. 17, 2024 1:53:50 PM org.openqa.selenium.remote.http.WebSocket$Listener onError
WARNING: Invalid Status code=403 text=Forbidden
java.io.IOException: Invalid Status code=403 text=Forbidden
	at org.asynchttpclient.netty.handler.WebSocketHandler.abort(WebSocketHandler.java:92)
	at org.asynchttpclient.netty.handler.WebSocketHandler.handleRead(WebSocketHandler.java:118)
	at org.asynchttpclient.netty.handler.AsyncHttpClientHandler.channelRead(AsyncHttpClientHandler.java:78)
	at io.netty.channel.AbstractChannelHandlerContext.invokeChannelRead(AbstractChannelHandlerContext.java:379)
	at io.netty.channel.AbstractChannelHandlerContext.invokeChannelRead(AbstractChannelHandlerContext.java:365)
	at io.netty.channel.AbstractChannelHandlerContext.fireChannelRead(AbstractChannelHandlerContext.java:357)
	at io.netty.channel.CombinedChannelDuplexHandler$DelegatingChannelHandlerContext.fireChannelRead(CombinedChannelDuplexHandler.java:436)
	at io.netty.handler.codec.ByteToMessageDecoder.fireChannelRead(ByteToMessageDecoder.java:327)
	at io.netty.handler.codec.ByteToMessageDecoder.fireChannelRead(ByteToMessageDecoder.java:314)
	at io.netty.handler.codec.ByteToMessageDecoder.callDecode(ByteToMessageDecoder.java:435)
	at io.netty.handler.codec.ByteToMessageDecoder.channelRead(ByteToMessageDecoder.java:279)
	at io.netty.channel.CombinedChannelDuplexHandler.channelRead(CombinedChannelDuplexHandler.java:251)
	at io.netty.channel.AbstractChannelHandlerContext.invokeChannelRead(AbstractChannelHandlerContext.java:379)
	at io.netty.channel.AbstractChannelHandlerContext.invokeChannelRead(AbstractChannelHandlerContext.java:365)
	at io.netty.channel.AbstractChannelHandlerContext.fireChannelRead(AbstractChannelHandlerContext.java:357)
	at io.netty.channel.DefaultChannelPipeline$HeadContext.channelRead(DefaultChannelPipeline.java:1410)
	at io.netty.channel.AbstractChannelHandlerContext.invokeChannelRead(AbstractChannelHandlerContext.java:379)
	at io.netty.channel.AbstractChannelHandlerContext.invokeChannelRead(AbstractChannelHandlerContext.java:365)
	at io.netty.channel.DefaultChannelPipeline.fireChannelRead(DefaultChannelPipeline.java:919)
	at io.netty.channel.nio.AbstractNioByteChannel$NioByteUnsafe.read(AbstractNioByteChannel.java:166)
	at io.netty.channel.nio.NioEventLoop.processSelectedKey(NioEventLoop.java:722)
	at io.netty.channel.nio.NioEventLoop.processSelectedKeysOptimized(NioEventLoop.java:658)
	at io.netty.channel.nio.NioEventLoop.processSelectedKeys(NioEventLoop.java:584)
	at io.netty.channel.nio.NioEventLoop.run(NioEventLoop.java:496)
	at io.netty.util.concurrent.SingleThreadEventExecutor$4.run(SingleThreadEventExecutor.java:997)
	at io.netty.util.internal.ThreadExecutorMap$2.run(ThreadExecutorMap.java:74)
	at io.netty.util.concurrent.FastThreadLocalRunnable.run(FastThreadLocalRunnable.java:30)
	at java.base/java.lang.Thread.run(Thread.java:833)

</system-err>
  </testcase>
</testsuite>